<?xml version="1.0" encoding="UTF-8"?>
<testsuite xmlns:xsi="http://www.w3.org/2001/XMLSchema-instance" xsi:noNamespaceSchemaLocation="https://maven.apache.org/surefire/maven-surefire-plugin/xsd/surefire-test-report.xsd" name="com.fch.SpringbootApplicationTests" time="3.298" tests="1" errors="0" skipped="0" failures="0">
  <properties>
    <property name="sun.desktop" value="windows"/>
    <property name="awt.toolkit" value="sun.awt.windows.WToolkit"/>
    <property name="java.specification.version" value="11"/>
    <property name="sun.cpu.isalist" value="amd64"/>
    <property name="sun.jnu.encoding" value="GBK"/>
    <property name="java.class.path" value="E:\IntelliJ-IDEA-Project\Java-SpringBoot\springboot\target\test-classes;E:\IntelliJ-IDEA-Project\Java-SpringBoot\springboot\target\classes;D:\apache-maven-3.6.2\mav-repo\org\springframework\boot\spring-boot-starter-web\2.7.12\spring-boot-starter-web-2.7.12.jar;D:\apache-maven-3.6.2\mav-repo\org\springframework\boot\spring-boot-starter\2.7.12\spring-boot-starter-2.7.12.jar;D:\apache-maven-3.6.2\mav-repo\org\springframework\boot\spring-boot\2.7.12\spring-boot-2.7.12.jar;D:\apache-maven-3.6.2\mav-repo\org\springframework\boot\spring-boot-autoconfigure\2.7.12\spring-boot-autoconfigure-2.7.12.jar;D:\apache-maven-3.6.2\mav-repo\org\springframework\boot\spring-boot-starter-logging\2.7.12\spring-boot-starter-logging-2.7.12.jar;D:\apache-maven-3.6.2\mav-repo\ch\qos\logback\logback-classic\1.2.12\logback-classic-1.2.12.jar;D:\apache-maven-3.6.2\mav-repo\ch\qos\logback\logback-core\1.2.12\logback-core-1.2.12.jar;D:\apache-maven-3.6.2\mav-repo\org\apache\logging\log4j\log4j-to-slf4j\2.17.2\log4j-to-slf4j-2.17.2.jar;D:\apache-maven-3.6.2\mav-repo\org\apache\logging\log4j\log4j-api\2.17.2\log4j-api-2.17.2.jar;D:\apache-maven-3.6.2\mav-repo\org\slf4j\jul-to-slf4j\1.7.36\jul-to-slf4j-1.7.36.jar;D:\apache-maven-3.6.2\mav-repo\jakarta\annotation\jakarta.annotation-api\1.3.5\jakarta.annotation-api-1.3.5.jar;D:\apache-maven-3.6.2\mav-repo\org\yaml\snakeyaml\1.30\snakeyaml-1.30.jar;D:\apache-maven-3.6.2\mav-repo\org\springframework\boot\spring-boot-starter-json\2.7.12\spring-boot-starter-json-2.7.12.jar;D:\apache-maven-3.6.2\mav-repo\com\fasterxml\jackson\core\jackson-databind\2.13.5\jackson-databind-2.13.5.jar;D:\apache-maven-3.6.2\mav-repo\com\fasterxml\jackson\core\jackson-annotations\2.13.5\jackson-annotations-2.13.5.jar;D:\apache-maven-3.6.2\mav-repo\com\fasterxml\jackson\core\jackson-core\2.13.5\jackson-core-2.13.5.jar;D:\apache-maven-3.6.2\mav-repo\com\fasterxml\jackson\datatype\jackson-datatype-jdk8\2.13.5\jackson-datatype-jdk8-2.13.5.jar;D:\apache-maven-3.6.2\mav-repo\com\fasterxml\jackson\datatype\jackson-datatype-jsr310\2.13.5\jackson-datatype-jsr310-2.13.5.jar;D:\apache-maven-3.6.2\mav-repo\com\fasterxml\jackson\module\jackson-module-parameter-names\2.13.5\jackson-module-parameter-names-2.13.5.jar;D:\apache-maven-3.6.2\mav-repo\org\springframework\boot\spring-boot-starter-tomcat\2.7.12\spring-boot-starter-tomcat-2.7.12.jar;D:\apache-maven-3.6.2\mav-repo\org\apache\tomcat\embed\tomcat-embed-core\9.0.75\tomcat-embed-core-9.0.75.jar;D:\apache-maven-3.6.2\mav-repo\org\apache\tomcat\embed\tomcat-embed-el\9.0.75\tomcat-embed-el-9.0.75.jar;D:\apache-maven-3.6.2\mav-repo\org\apache\tomcat\embed\tomcat-embed-websocket\9.0.75\tomcat-embed-websocket-9.0.75.jar;D:\apache-maven-3.6.2\mav-repo\org\springframework\spring-web\5.3.27\spring-web-5.3.27.jar;D:\apache-maven-3.6.2\mav-repo\org\springframework\spring-beans\5.3.27\spring-beans-5.3.27.jar;D:\apache-maven-3.6.2\mav-repo\org\springframework\spring-webmvc\5.3.27\spring-webmvc-5.3.27.jar;D:\apache-maven-3.6.2\mav-repo\org\springframework\spring-aop\5.3.27\spring-aop-5.3.27.jar;D:\apache-maven-3.6.2\mav-repo\org\springframework\spring-context\5.3.27\spring-context-5.3.27.jar;D:\apache-maven-3.6.2\mav-repo\org\springframework\spring-expression\5.3.27\spring-expression-5.3.27.jar;D:\apache-maven-3.6.2\mav-repo\org\springframework\boot\spring-boot-starter-test\2.7.12\spring-boot-starter-test-2.7.12.jar;D:\apache-maven-3.6.2\mav-repo\org\springframework\boot\spring-boot-test\2.7.12\spring-boot-test-2.7.12.jar;D:\apache-maven-3.6.2\mav-repo\org\springframework\boot\spring-boot-test-autoconfigure\2.7.12\spring-boot-test-autoconfigure-2.7.12.jar;D:\apache-maven-3.6.2\mav-repo\com\jayway\jsonpath\json-path\2.7.0\json-path-2.7.0.jar;D:\apache-maven-3.6.2\mav-repo\net\minidev\json-smart\2.4.11\json-smart-2.4.11.jar;D:\apache-maven-3.6.2\mav-repo\net\minidev\accessors-smart\2.4.11\accessors-smart-2.4.11.jar;D:\apache-maven-3.6.2\mav-repo\org\ow2\asm\asm\9.3\asm-9.3.jar;D:\apache-maven-3.6.2\mav-repo\org\slf4j\slf4j-api\1.7.36\slf4j-api-1.7.36.jar;D:\apache-maven-3.6.2\mav-repo\jakarta\xml\bind\jakarta.xml.bind-api\2.3.3\jakarta.xml.bind-api-2.3.3.jar;D:\apache-maven-3.6.2\mav-repo\jakarta\activation\jakarta.activation-api\1.2.2\jakarta.activation-api-1.2.2.jar;D:\apache-maven-3.6.2\mav-repo\org\assertj\assertj-core\3.22.0\assertj-core-3.22.0.jar;D:\apache-maven-3.6.2\mav-repo\org\hamcrest\hamcrest\2.2\hamcrest-2.2.jar;D:\apache-maven-3.6.2\mav-repo\org\junit\jupiter\junit-jupiter\5.8.2\junit-jupiter-5.8.2.jar;D:\apache-maven-3.6.2\mav-repo\org\junit\jupiter\junit-jupiter-api\5.8.2\junit-jupiter-api-5.8.2.jar;D:\apache-maven-3.6.2\mav-repo\org\opentest4j\opentest4j\1.2.0\opentest4j-1.2.0.jar;D:\apache-maven-3.6.2\mav-repo\org\junit\platform\junit-platform-commons\1.8.2\junit-platform-commons-1.8.2.jar;D:\apache-maven-3.6.2\mav-repo\org\apiguardian\apiguardian-api\1.1.2\apiguardian-api-1.1.2.jar;D:\apache-maven-3.6.2\mav-repo\org\junit\jupiter\junit-jupiter-params\5.8.2\junit-jupiter-params-5.8.2.jar;D:\apache-maven-3.6.2\mav-repo\org\junit\jupiter\junit-jupiter-engine\5.8.2\junit-jupiter-engine-5.8.2.jar;D:\apache-maven-3.6.2\mav-repo\org\junit\platform\junit-platform-engine\1.8.2\junit-platform-engine-1.8.2.jar;D:\apache-maven-3.6.2\mav-repo\org\mockito\mockito-core\4.5.1\mockito-core-4.5.1.jar;D:\apache-maven-3.6.2\mav-repo\net\bytebuddy\byte-buddy\1.12.23\byte-buddy-1.12.23.jar;D:\apache-maven-3.6.2\mav-repo\net\bytebuddy\byte-buddy-agent\1.12.23\byte-buddy-agent-1.12.23.jar;D:\apache-maven-3.6.2\mav-repo\org\objenesis\objenesis\3.2\objenesis-3.2.jar;D:\apache-maven-3.6.2\mav-repo\org\mockito\mockito-junit-jupiter\4.5.1\mockito-junit-jupiter-4.5.1.jar;D:\apache-maven-3.6.2\mav-repo\org\skyscreamer\jsonassert\1.5.1\jsonassert-1.5.1.jar;D:\apache-maven-3.6.2\mav-repo\com\vaadin\external\google\android-json\0.0.20131108.vaadin1\android-json-0.0.20131108.vaadin1.jar;D:\apache-maven-3.6.2\mav-repo\org\springframework\spring-core\5.3.27\spring-core-5.3.27.jar;D:\apache-maven-3.6.2\mav-repo\org\springframework\spring-jcl\5.3.27\spring-jcl-5.3.27.jar;D:\apache-maven-3.6.2\mav-repo\org\springframework\spring-test\5.3.27\spring-test-5.3.27.jar;D:\apache-maven-3.6.2\mav-repo\org\xmlunit\xmlunit-core\2.9.1\xmlunit-core-2.9.1.jar;D:\apache-maven-3.6.2\mav-repo\org\dom4j\dom4j\2.1.3\dom4j-2.1.3.jar;"/>
    <property name="java.vm.vendor" value="Oracle Corporation"/>
    <property name="sun.arch.data.model" value="64"/>
    <property name="user.variant" value=""/>
    <property name="java.vendor.url" value="https://openjdk.java.net/"/>
    <property name="user.timezone" value="Asia/Shanghai"/>
    <property name="java.vm.specification.version" value="11"/>
    <property name="os.name" value="Windows 10"/>
    <property name="sun.java.launcher" value="SUN_STANDARD"/>
    <property name="user.country" value="CN"/>
    <property name="sun.boot.library.path" value="D:\JDK\jdk11\bin"/>
    <property name="sun.java.command" value="C:\Users\58238\AppData\Local\Temp\surefire14716656707556793532\surefirebooter9807396161546074965.jar C:\Users\58238\AppData\Local\Temp\surefire14716656707556793532 2023-06-23T21-15-52_765-jvmRun1 surefire12685240120517568745tmp surefire_015374324857082717324tmp"/>
    <property name="jdk.debug" value="release"/>
    <property name="surefire.test.class.path" value="E:\IntelliJ-IDEA-Project\Java-SpringBoot\springboot\target\test-classes;E:\IntelliJ-IDEA-Project\Java-SpringBoot\springboot\target\classes;D:\apache-maven-3.6.2\mav-repo\org\springframework\boot\spring-boot-starter-web\2.7.12\spring-boot-starter-web-2.7.12.jar;D:\apache-maven-3.6.2\mav-repo\org\springframework\boot\spring-boot-starter\2.7.12\spring-boot-starter-2.7.12.jar;D:\apache-maven-3.6.2\mav-repo\org\springframework\boot\spring-boot\2.7.12\spring-boot-2.7.12.jar;D:\apache-maven-3.6.2\mav-repo\org\springframework\boot\spring-boot-autoconfigure\2.7.12\spring-boot-autoconfigure-2.7.12.jar;D:\apache-maven-3.6.2\mav-repo\org\springframework\boot\spring-boot-starter-logging\2.7.12\spring-boot-starter-logging-2.7.12.jar;D:\apache-maven-3.6.2\mav-repo\ch\qos\logback\logback-classic\1.2.12\logback-classic-1.2.12.jar;D:\apache-maven-3.6.2\mav-repo\ch\qos\logback\logback-core\1.2.12\logback-core-1.2.12.jar;D:\apache-maven-3.6.2\mav-repo\org\apache\logging\log4j\log4j-to-slf4j\2.17.2\log4j-to-slf4j-2.17.2.jar;D:\apache-maven-3.6.2\mav-repo\org\apache\logging\log4j\log4j-api\2.17.2\log4j-api-2.17.2.jar;D:\apache-maven-3.6.2\mav-repo\org\slf4j\jul-to-slf4j\1.7.36\jul-to-slf4j-1.7.36.jar;D:\apache-maven-3.6.2\mav-repo\jakarta\annotation\jakarta.annotation-api\1.3.5\jakarta.annotation-api-1.3.5.jar;D:\apache-maven-3.6.2\mav-repo\org\yaml\snakeyaml\1.30\snakeyaml-1.30.jar;D:\apache-maven-3.6.2\mav-repo\org\springframework\boot\spring-boot-starter-json\2.7.12\spring-boot-starter-json-2.7.12.jar;D:\apache-maven-3.6.2\mav-repo\com\fasterxml\jackson\core\jackson-databind\2.13.5\jackson-databind-2.13.5.jar;D:\apache-maven-3.6.2\mav-repo\com\fasterxml\jackson\core\jackson-annotations\2.13.5\jackson-annotations-2.13.5.jar;D:\apache-maven-3.6.2\mav-repo\com\fasterxml\jackson\core\jackson-core\2.13.5\jackson-core-2.13.5.jar;D:\apache-maven-3.6.2\mav-repo\com\fasterxml\jackson\datatype\jackson-datatype-jdk8\2.13.5\jackson-datatype-jdk8-2.13.5.jar;D:\apache-maven-3.6.2\mav-repo\com\fasterxml\jackson\datatype\jackson-datatype-jsr310\2.13.5\jackson-datatype-jsr310-2.13.5.jar;D:\apache-maven-3.6.2\mav-repo\com\fasterxml\jackson\module\jackson-module-parameter-names\2.13.5\jackson-module-parameter-names-2.13.5.jar;D:\apache-maven-3.6.2\mav-repo\org\springframework\boot\spring-boot-starter-tomcat\2.7.12\spring-boot-starter-tomcat-2.7.12.jar;D:\apache-maven-3.6.2\mav-repo\org\apache\tomcat\embed\tomcat-embed-core\9.0.75\tomcat-embed-core-9.0.75.jar;D:\apache-maven-3.6.2\mav-repo\org\apache\tomcat\embed\tomcat-embed-el\9.0.75\tomcat-embed-el-9.0.75.jar;D:\apache-maven-3.6.2\mav-repo\org\apache\tomcat\embed\tomcat-embed-websocket\9.0.75\tomcat-embed-websocket-9.0.75.jar;D:\apache-maven-3.6.2\mav-repo\org\springframework\spring-web\5.3.27\spring-web-5.3.27.jar;D:\apache-maven-3.6.2\mav-repo\org\springframework\spring-beans\5.3.27\spring-beans-5.3.27.jar;D:\apache-maven-3.6.2\mav-repo\org\springframework\spring-webmvc\5.3.27\spring-webmvc-5.3.27.jar;D:\apache-maven-3.6.2\mav-repo\org\springframework\spring-aop\5.3.27\spring-aop-5.3.27.jar;D:\apache-maven-3.6.2\mav-repo\org\springframework\spring-context\5.3.27\spring-context-5.3.27.jar;D:\apache-maven-3.6.2\mav-repo\org\springframework\spring-expression\5.3.27\spring-expression-5.3.27.jar;D:\apache-maven-3.6.2\mav-repo\org\springframework\boot\spring-boot-starter-test\2.7.12\spring-boot-starter-test-2.7.12.jar;D:\apache-maven-3.6.2\mav-repo\org\springframework\boot\spring-boot-test\2.7.12\spring-boot-test-2.7.12.jar;D:\apache-maven-3.6.2\mav-repo\org\springframework\boot\spring-boot-test-autoconfigure\2.7.12\spring-boot-test-autoconfigure-2.7.12.jar;D:\apache-maven-3.6.2\mav-repo\com\jayway\jsonpath\json-path\2.7.0\json-path-2.7.0.jar;D:\apache-maven-3.6.2\mav-repo\net\minidev\json-smart\2.4.11\json-smart-2.4.11.jar;D:\apache-maven-3.6.2\mav-repo\net\minidev\accessors-smart\2.4.11\accessors-smart-2.4.11.jar;D:\apache-maven-3.6.2\mav-repo\org\ow2\asm\asm\9.3\asm-9.3.jar;D:\apache-maven-3.6.2\mav-repo\org\slf4j\slf4j-api\1.7.36\slf4j-api-1.7.36.jar;D:\apache-maven-3.6.2\mav-repo\jakarta\xml\bind\jakarta.xml.bind-api\2.3.3\jakarta.xml.bind-api-2.3.3.jar;D:\apache-maven-3.6.2\mav-repo\jakarta\activation\jakarta.activation-api\1.2.2\jakarta.activation-api-1.2.2.jar;D:\apache-maven-3.6.2\mav-repo\org\assertj\assertj-core\3.22.0\assertj-core-3.22.0.jar;D:\apache-maven-3.6.2\mav-repo\org\hamcrest\hamcrest\2.2\hamcrest-2.2.jar;D:\apache-maven-3.6.2\mav-repo\org\junit\jupiter\junit-jupiter\5.8.2\junit-jupiter-5.8.2.jar;D:\apache-maven-3.6.2\mav-repo\org\junit\jupiter\junit-jupiter-api\5.8.2\junit-jupiter-api-5.8.2.jar;D:\apache-maven-3.6.2\mav-repo\org\opentest4j\opentest4j\1.2.0\opentest4j-1.2.0.jar;D:\apache-maven-3.6.2\mav-repo\org\junit\platform\junit-platform-commons\1.8.2\junit-platform-commons-1.8.2.jar;D:\apache-maven-3.6.2\mav-repo\org\apiguardian\apiguardian-api\1.1.2\apiguardian-api-1.1.2.jar;D:\apache-maven-3.6.2\mav-repo\org\junit\jupiter\junit-jupiter-params\5.8.2\junit-jupiter-params-5.8.2.jar;D:\apache-maven-3.6.2\mav-repo\org\junit\jupiter\junit-jupiter-engine\5.8.2\junit-jupiter-engine-5.8.2.jar;D:\apache-maven-3.6.2\mav-repo\org\junit\platform\junit-platform-engine\1.8.2\junit-platform-engine-1.8.2.jar;D:\apache-maven-3.6.2\mav-repo\org\mockito\mockito-core\4.5.1\mockito-core-4.5.1.jar;D:\apache-maven-3.6.2\mav-repo\net\bytebuddy\byte-buddy\1.12.23\byte-buddy-1.12.23.jar;D:\apache-maven-3.6.2\mav-repo\net\bytebuddy\byte-buddy-agent\1.12.23\byte-buddy-agent-1.12.23.jar;D:\apache-maven-3.6.2\mav-repo\org\objenesis\objenesis\3.2\objenesis-3.2.jar;D:\apache-maven-3.6.2\mav-repo\org\mockito\mockito-junit-jupiter\4.5.1\mockito-junit-jupiter-4.5.1.jar;D:\apache-maven-3.6.2\mav-repo\org\skyscreamer\jsonassert\1.5.1\jsonassert-1.5.1.jar;D:\apache-maven-3.6.2\mav-repo\com\vaadin\external\google\android-json\0.0.20131108.vaadin1\android-json-0.0.20131108.vaadin1.jar;D:\apache-maven-3.6.2\mav-repo\org\springframework\spring-core\5.3.27\spring-core-5.3.27.jar;D:\apache-maven-3.6.2\mav-repo\org\springframework\spring-jcl\5.3.27\spring-jcl-5.3.27.jar;D:\apache-maven-3.6.2\mav-repo\org\springframework\spring-test\5.3.27\spring-test-5.3.27.jar;D:\apache-maven-3.6.2\mav-repo\org\xmlunit\xmlunit-core\2.9.1\xmlunit-core-2.9.1.jar;D:\apache-maven-3.6.2\mav-repo\org\dom4j\dom4j\2.1.3\dom4j-2.1.3.jar;"/>
    <property name="sun.cpu.endian" value="little"/>
    <property name="user.home" value="C:\Users\58238"/>
    <property name="user.language" value="zh"/>
    <property name="java.specification.vendor" value="Oracle Corporation"/>
    <property name="java.version.date" value="2023-01-17"/>
    <property name="java.home" value="D:\JDK\jdk11"/>
    <property name="file.separator" value="\"/>
    <property name="basedir" value="E:\IntelliJ-IDEA-Project\Java-SpringBoot\springboot"/>
    <property name="java.vm.compressedOopsMode" value="32-bit"/>
    <property name="line.separator" value="&#10;"/>
    <property name="java.specification.name" value="Java Platform API Specification"/>
    <property name="java.vm.specification.vendor" value="Oracle Corporation"/>
    <property name="java.awt.graphicsenv" value="sun.awt.Win32GraphicsEnvironment"/>
    <property name="surefire.real.class.path" value="C:\Users\58238\AppData\Local\Temp\surefire14716656707556793532\surefirebooter9807396161546074965.jar"/>
    <property name="user.script" value=""/>
    <property name="sun.management.compiler" value="HotSpot 64-Bit Tiered Compilers"/>
    <property name="java.runtime.version" value="11.0.18+9-LTS-195"/>
    <property name="user.name" value="58238"/>
    <property name="path.separator" value=";"/>
    <property name="os.version" value="10.0"/>
    <property name="java.runtime.name" value="Java(TM) SE Runtime Environment"/>
    <property name="file.encoding" value="GBK"/>
    <property name="java.vm.name" value="Java HotSpot(TM) 64-Bit Server VM"/>
    <property name="java.vendor.version" value="18.9"/>
    <property name="localRepository" value="D:\apache-maven-3.6.2\mav-repo"/>
    <property name="java.vendor.url.bug" value="https://bugreport.java.com/bugreport/"/>
    <property name="java.io.tmpdir" value="C:\Users\58238\AppData\Local\Temp\"/>
    <property name="idea.version" value="2023.1.2"/>
    <property name="java.version" value="11.0.18"/>
    <property name="user.dir" value="E:\IntelliJ-IDEA-Project\Java-SpringBoot\springboot"/>
    <property name="os.arch" value="amd64"/>
    <property name="java.vm.specification.name" value="Java Virtual Machine Specification"/>
    <property name="java.awt.printerjob" value="sun.awt.windows.WPrinterJob"/>
    <property name="sun.os.patch.level" value=""/>
    <property name="java.library.path" value="D:\JDK\jdk11\bin;C:\WINDOWS\Sun\Java\bin;C:\WINDOWS\system32;C:\WINDOWS;C:\WINDOWS\system32;C:\WINDOWS;C:\WINDOWS\System32\Wbem;C:\WINDOWS\System32\WindowsPowerShell\v1.0\;C:\WINDOWS\System32\OpenSSH\;C:\Program Files (x86)\NVIDIA Corporation\PhysX\Common;C:\Program Files\NVIDIA Corporation\NVIDIA NvDLISR;E:\Program Files (x86)\Microsoft VS Code\bin;D:\JDK\jdk11\bin;D:\apache-maven-3.6.2\bin;D:\Git\cmd;D:\node\;C:\Program Files (x86)\dotnet\;D:\MySQL\MySQL Shell 8.0\bin\;D:\anaconda;D:\anaconda\Library\mingw-w64\bin;D:\anaconda\Library\usr\bin;D:\anaconda\Library\bin;D:\anaconda\Scripts;C:\Users\58238\AppData\Local\Microsoft\WindowsApps;E:\Program Files (x86)\QQGameTempest\Hall.57821\;D:\PyCharm Community Edition 2021.3.3\bin;;D:\IntelliJ IDEA 2023.1.2\bin;;C:\Users\58238\AppData\Roaming\npm;."/>
    <property name="java.vendor" value="Oracle Corporation"/>
    <property name="java.vm.info" value="mixed mode"/>
    <property name="java.vm.version" value="11.0.18+9-LTS-195"/>
    <property name="sun.io.unicode.encoding" value="UnicodeLittle"/>
    <property name="maven.repo.local" value="D:\apache-maven-3.6.2\mav-repo"/>
    <property name="java.class.version" value="55.0"/>
  </properties>
  <testcase name="contextLoads" classname="com.fch.SpringbootApplicationTests" time="0.44"/>
</testsuite>